<?xml version="1.0" encoding="UTF-8"?>
<coverage generated="1755080698806" clover="3.2.0">
  <project timestamp="1755080698807" name="All files">
    <metrics statements="53" coveredstatements="51" conditionals="18" coveredconditionals="16" methods="33" coveredmethods="32" elements="104" coveredelements="99" complexity="0" loc="53" ncloc="53" packages="1" files="1" classes="1"/>
    <file name="RestockSession.ts" path="/Users/timothy/Desktop/Restock-app/restock/app/domain/entities/RestockSession.ts">
      <metrics statements="53" coveredstatements="51" conditionals="18" coveredconditionals="16" methods="33" coveredmethods="32"/>
      <line num="8" count="1" type="cond" truecount="2" falsecount="0"/>
      <line num="9" count="1" type="stmt"/>
      <line num="10" count="1" type="stmt"/>
      <line num="11" count="1" type="stmt"/>
      <line num="40" count="1" type="stmt"/>
      <line num="41" count="53" type="stmt"/>
      <line num="50" count="2" type="stmt"/>
      <line num="61" count="29" type="stmt"/>
      <line num="65" count="1" type="stmt"/>
      <line num="66" count="1" type="stmt"/>
      <line num="67" count="6" type="stmt"/>
      <line num="68" count="4" type="stmt"/>
      <line num="69" count="7" type="stmt"/>
      <line num="70" count="0" type="stmt"/>
      <line num="71" count="3" type="stmt"/>
      <line num="76" count="18" type="cond" truecount="1" falsecount="0"/>
      <line num="77" count="1" type="stmt"/>
      <line num="81" count="17" type="cond" truecount="1" falsecount="0"/>
      <line num="82" count="2" type="stmt"/>
      <line num="85" count="15" type="stmt"/>
      <line num="86" count="15" type="stmt"/>
      <line num="94" count="1" type="stmt"/>
      <line num="95" count="1" type="stmt"/>
      <line num="103" count="2" type="cond" truecount="3" falsecount="0"/>
      <line num="104" count="1" type="stmt"/>
      <line num="107" count="1" type="stmt"/>
      <line num="108" count="1" type="cond" truecount="1" falsecount="1"/>
      <line num="113" count="1" type="stmt"/>
      <line num="122" count="5" type="cond" truecount="1" falsecount="0"/>
      <line num="123" count="2" type="stmt"/>
      <line num="126" count="3" type="stmt"/>
      <line num="135" count="3" type="cond" truecount="1" falsecount="0"/>
      <line num="136" count="2" type="stmt"/>
      <line num="140" count="1" type="cond" truecount="0" falsecount="1"/>
      <line num="141" count="0" type="stmt"/>
      <line num="144" count="1" type="stmt"/>
      <line num="153" count="2" type="cond" truecount="1" falsecount="0"/>
      <line num="154" count="1" type="stmt"/>
      <line num="157" count="1" type="stmt"/>
      <line num="166" count="20" type="stmt"/>
      <line num="170" count="2" type="stmt"/>
      <line num="174" count="1" type="stmt"/>
      <line num="176" count="1" type="stmt"/>
      <line num="177" count="2" type="cond" truecount="1" falsecount="0"/>
      <line num="178" count="2" type="stmt"/>
      <line num="186" count="1" type="stmt"/>
      <line num="190" count="1" type="stmt"/>
      <line num="194" count="2" type="stmt"/>
      <line num="198" count="2" type="cond" truecount="2" falsecount="0"/>
      <line num="202" count="2" type="stmt"/>
      <line num="206" count="2" type="stmt"/>
      <line num="210" count="2" type="stmt"/>
      <line num="215" count="4" type="stmt"/>
    </file>
  </project>
</coverage>
