{"/Users/timothy/Desktop/Restock-app/restock/app/domain/entities/RestockSession.ts": {"path":"/Users/timothy/Desktop/Restock-app/restock/app/domain/entities/RestockSession.ts","statementMap":{"0":{"start":{"line":8,"column":0},"end":{"line":8,"column":null}},"1":{"start":{"line":9,"column":2},"end":{"line":9,"column":null}},"2":{"start":{"line":10,"column":2},"end":{"line":10,"column":null}},"3":{"start":{"line":11,"column":2},"end":{"line":11,"column":null}},"4":{"start":{"line":41,"column":39},"end":{"line":41,"column":58}},"5":{"start":{"line":50,"column":4},"end":{"line":57,"column":7}},"6":{"start":{"line":61,"column":4},"end":{"line":61,"column":37}},"7":{"start":{"line":65,"column":21},"end":{"line":65,"column":42}},"8":{"start":{"line":66,"column":25},"end":{"line":66,"column":50}},"9":{"start":{"line":67,"column":35},"end":{"line":67,"column":58}},"10":{"start":{"line":68,"column":32},"end":{"line":68,"column":57}},"11":{"start":{"line":69,"column":49},"end":{"line":69,"column":73}},"12":{"start":{"line":70,"column":26},"end":{"line":70,"column":54}},"13":{"start":{"line":71,"column":38},"end":{"line":71,"column":66}},"14":{"start":{"line":76,"column":4},"end":{"line":78,"column":5}},"15":{"start":{"line":77,"column":6},"end":{"line":77,"column":80}},"16":{"start":{"line":81,"column":4},"end":{"line":83,"column":5}},"17":{"start":{"line":82,"column":6},"end":{"line":82,"column":60}},"18":{"start":{"line":85,"column":21},"end":{"line":85,"column":48}},"19":{"start":{"line":86,"column":4},"end":{"line":90,"column":7}},"20":{"start":{"line":94,"column":21},"end":{"line":94,"column":82}},"21":{"start":{"line":94,"column":53},"end":{"line":94,"column":81}},"22":{"start":{"line":95,"column":4},"end":{"line":99,"column":7}},"23":{"start":{"line":103,"column":4},"end":{"line":105,"column":5}},"24":{"start":{"line":104,"column":6},"end":{"line":104,"column":60}},"25":{"start":{"line":107,"column":21},"end":{"line":110,"column":null}},"26":{"start":{"line":108,"column":6},"end":{"line":110,"column":14}},"27":{"start":{"line":113,"column":4},"end":{"line":117,"column":7}},"28":{"start":{"line":122,"column":4},"end":{"line":124,"column":5}},"29":{"start":{"line":123,"column":6},"end":{"line":123,"column":54}},"30":{"start":{"line":126,"column":4},"end":{"line":130,"column":7}},"31":{"start":{"line":135,"column":4},"end":{"line":137,"column":5}},"32":{"start":{"line":136,"column":6},"end":{"line":136,"column":66}},"33":{"start":{"line":140,"column":4},"end":{"line":142,"column":5}},"34":{"start":{"line":141,"column":6},"end":{"line":141,"column":74}},"35":{"start":{"line":144,"column":4},"end":{"line":148,"column":7}},"36":{"start":{"line":153,"column":4},"end":{"line":155,"column":5}},"37":{"start":{"line":154,"column":6},"end":{"line":154,"column":71}},"38":{"start":{"line":157,"column":4},"end":{"line":161,"column":7}},"39":{"start":{"line":166,"column":4},"end":{"line":166,"column":71}},"40":{"start":{"line":166,"column":41},"end":{"line":166,"column":69}},"41":{"start":{"line":170,"column":4},"end":{"line":170,"column":78}},"42":{"start":{"line":170,"column":52},"end":{"line":170,"column":73}},"43":{"start":{"line":174,"column":24},"end":{"line":174,"column":86}},"44":{"start":{"line":176,"column":4},"end":{"line":184,"column":7}},"45":{"start":{"line":177,"column":6},"end":{"line":183,"column":7}},"46":{"start":{"line":178,"column":8},"end":{"line":182,"column":11}},"47":{"start":{"line":186,"column":4},"end":{"line":186,"column":44}},"48":{"start":{"line":190,"column":4},"end":{"line":190,"column":75}},"49":{"start":{"line":190,"column":43},"end":{"line":190,"column":73}},"50":{"start":{"line":194,"column":4},"end":{"line":194,"column":53}},"51":{"start":{"line":198,"column":4},"end":{"line":198,"column":84}},"52":{"start":{"line":202,"column":4},"end":{"line":202,"column":63}},"53":{"start":{"line":206,"column":4},"end":{"line":206,"column":53}},"54":{"start":{"line":210,"column":4},"end":{"line":210,"column":52}},"55":{"start":{"line":215,"column":4},"end":{"line":215,"column":29}},"56":{"start":{"line":40,"column":0},"end":{"line":40,"column":13}}},"fnMap":{"0":{"name":"(anonymous_0)","decl":{"start":{"line":8,"column":0},"end":{"line":8,"column":12}},"loc":{"start":{"line":8,"column":25},"end":{"line":12,"column":1}}},"1":{"name":"(anonymous_1)","decl":{"start":{"line":41,"column":2},"end":{"line":41,"column":39}},"loc":{"start":{"line":41,"column":58},"end":{"line":41,"column":62}}},"2":{"name":"(anonymous_2)","decl":{"start":{"line":44,"column":2},"end":{"line":44,"column":8}},"loc":{"start":{"line":49,"column":3},"end":{"line":58,"column":3}}},"3":{"name":"(anonymous_3)","decl":{"start":{"line":60,"column":2},"end":{"line":60,"column":8}},"loc":{"start":{"line":60,"column":38},"end":{"line":62,"column":3}}},"4":{"name":"(anonymous_4)","decl":{"start":{"line":65,"column":2},"end":{"line":65,"column":6}},"loc":{"start":{"line":65,"column":8},"end":{"line":65,"column":44}}},"5":{"name":"(anonymous_5)","decl":{"start":{"line":66,"column":2},"end":{"line":66,"column":6}},"loc":{"start":{"line":66,"column":12},"end":{"line":66,"column":52}}},"6":{"name":"(anonymous_6)","decl":{"start":{"line":67,"column":2},"end":{"line":67,"column":6}},"loc":{"start":{"line":67,"column":10},"end":{"line":67,"column":60}}},"7":{"name":"(anonymous_7)","decl":{"start":{"line":68,"column":2},"end":{"line":68,"column":6}},"loc":{"start":{"line":68,"column":12},"end":{"line":68,"column":59}}},"8":{"name":"(anonymous_8)","decl":{"start":{"line":69,"column":2},"end":{"line":69,"column":6}},"loc":{"start":{"line":69,"column":11},"end":{"line":69,"column":75}}},"9":{"name":"(anonymous_9)","decl":{"start":{"line":70,"column":2},"end":{"line":70,"column":6}},"loc":{"start":{"line":70,"column":15},"end":{"line":70,"column":56}}},"10":{"name":"(anonymous_10)","decl":{"start":{"line":71,"column":2},"end":{"line":71,"column":6}},"loc":{"start":{"line":71,"column":15},"end":{"line":71,"column":68}}},"11":{"name":"(anonymous_11)","decl":{"start":{"line":74,"column":2},"end":{"line":74,"column":9}},"loc":{"start":{"line":74,"column":75},"end":{"line":91,"column":3}}},"12":{"name":"(anonymous_12)","decl":{"start":{"line":93,"column":2},"end":{"line":93,"column":12}},"loc":{"start":{"line":93,"column":30},"end":{"line":100,"column":3}}},"13":{"name":"(anonymous_13)","decl":{"start":{"line":94,"column":45},"end":{"line":94,"column":49}},"loc":{"start":{"line":94,"column":53},"end":{"line":94,"column":81}}},"14":{"name":"(anonymous_14)","decl":{"start":{"line":102,"column":2},"end":{"line":102,"column":12}},"loc":{"start":{"line":102,"column":94},"end":{"line":118,"column":3}}},"15":{"name":"(anonymous_15)","decl":{"start":{"line":107,"column":42},"end":{"line":107,"column":46}},"loc":{"start":{"line":108,"column":6},"end":{"line":110,"column":14}}},"16":{"name":"(anonymous_16)","decl":{"start":{"line":120,"column":2},"end":{"line":120,"column":9}},"loc":{"start":{"line":120,"column":22},"end":{"line":131,"column":3}}},"17":{"name":"(anonymous_17)","decl":{"start":{"line":133,"column":2},"end":{"line":133,"column":16}},"loc":{"start":{"line":133,"column":16},"end":{"line":149,"column":3}}},"18":{"name":"(anonymous_18)","decl":{"start":{"line":151,"column":2},"end":{"line":151,"column":12}},"loc":{"start":{"line":151,"column":12},"end":{"line":162,"column":3}}},"19":{"name":"(anonymous_19)","decl":{"start":{"line":165,"column":2},"end":{"line":165,"column":12}},"loc":{"start":{"line":165,"column":30},"end":{"line":167,"column":3}}},"20":{"name":"(anonymous_20)","decl":{"start":{"line":166,"column":33},"end":{"line":166,"column":37}},"loc":{"start":{"line":166,"column":41},"end":{"line":166,"column":69}}},"21":{"name":"(anonymous_21)","decl":{"start":{"line":169,"column":2},"end":{"line":169,"column":15}},"loc":{"start":{"line":169,"column":15},"end":{"line":171,"column":3}}},"22":{"name":"(anonymous_22)","decl":{"start":{"line":170,"column":35},"end":{"line":170,"column":36}},"loc":{"start":{"line":170,"column":52},"end":{"line":170,"column":73}}},"23":{"name":"(anonymous_23)","decl":{"start":{"line":173,"column":2},"end":{"line":173,"column":20}},"loc":{"start":{"line":173,"column":20},"end":{"line":187,"column":3}}},"24":{"name":"(anonymous_24)","decl":{"start":{"line":176,"column":29},"end":{"line":176,"column":33}},"loc":{"start":{"line":176,"column":36},"end":{"line":184,"column":5}}},"25":{"name":"(anonymous_25)","decl":{"start":{"line":189,"column":2},"end":{"line":189,"column":20}},"loc":{"start":{"line":189,"column":39},"end":{"line":191,"column":3}}},"26":{"name":"(anonymous_26)","decl":{"start":{"line":190,"column":35},"end":{"line":190,"column":39}},"loc":{"start":{"line":190,"column":43},"end":{"line":190,"column":73}}},"27":{"name":"(anonymous_27)","decl":{"start":{"line":193,"column":2},"end":{"line":193,"column":13}},"loc":{"start":{"line":193,"column":13},"end":{"line":195,"column":3}}},"28":{"name":"(anonymous_28)","decl":{"start":{"line":197,"column":2},"end":{"line":197,"column":19}},"loc":{"start":{"line":197,"column":19},"end":{"line":199,"column":3}}},"29":{"name":"(anonymous_29)","decl":{"start":{"line":201,"column":2},"end":{"line":201,"column":15}},"loc":{"start":{"line":201,"column":15},"end":{"line":203,"column":3}}},"30":{"name":"(anonymous_30)","decl":{"start":{"line":205,"column":2},"end":{"line":205,"column":9}},"loc":{"start":{"line":205,"column":9},"end":{"line":207,"column":3}}},"31":{"name":"(anonymous_31)","decl":{"start":{"line":209,"column":2},"end":{"line":209,"column":13}},"loc":{"start":{"line":209,"column":13},"end":{"line":211,"column":3}}},"32":{"name":"(anonymous_32)","decl":{"start":{"line":214,"column":2},"end":{"line":214,"column":9}},"loc":{"start":{"line":214,"column":9},"end":{"line":216,"column":3}}}},"branchMap":{"0":{"loc":{"start":{"line":8,"column":12},"end":{"line":8,"column":null}},"type":"binary-expr","locations":[{"start":{"line":8,"column":12},"end":{"line":8,"column":25}},{"start":{"line":8,"column":25},"end":{"line":8,"column":null}}]},"1":{"loc":{"start":{"line":56,"column":17},"end":{"line":56,"column":47}},"type":"binary-expr","locations":[{"start":{"line":56,"column":17},"end":{"line":56,"column":33}},{"start":{"line":56,"column":37},"end":{"line":56,"column":47}}]},"2":{"loc":{"start":{"line":76,"column":4},"end":{"line":78,"column":5}},"type":"if","locations":[{"start":{"line":76,"column":4},"end":{"line":78,"column":5}}]},"3":{"loc":{"start":{"line":81,"column":4},"end":{"line":83,"column":5}},"type":"if","locations":[{"start":{"line":81,"column":4},"end":{"line":83,"column":5}}]},"4":{"loc":{"start":{"line":103,"column":4},"end":{"line":105,"column":5}},"type":"if","locations":[{"start":{"line":103,"column":4},"end":{"line":105,"column":5}}]},"5":{"loc":{"start":{"line":103,"column":8},"end":{"line":103,"column":63}},"type":"binary-expr","locations":[{"start":{"line":103,"column":8},"end":{"line":103,"column":38}},{"start":{"line":103,"column":42},"end":{"line":103,"column":63}}]},"6":{"loc":{"start":{"line":108,"column":6},"end":{"line":110,"column":14}},"type":"cond-expr","locations":[{"start":{"line":109,"column":10},"end":{"line":109,"column":33}},{"start":{"line":110,"column":10},"end":{"line":110,"column":14}}]},"7":{"loc":{"start":{"line":122,"column":4},"end":{"line":124,"column":5}},"type":"if","locations":[{"start":{"line":122,"column":4},"end":{"line":124,"column":5}}]},"8":{"loc":{"start":{"line":135,"column":4},"end":{"line":137,"column":5}},"type":"if","locations":[{"start":{"line":135,"column":4},"end":{"line":137,"column":5}}]},"9":{"loc":{"start":{"line":140,"column":4},"end":{"line":142,"column":5}},"type":"if","locations":[{"start":{"line":140,"column":4},"end":{"line":142,"column":5}}]},"10":{"loc":{"start":{"line":153,"column":4},"end":{"line":155,"column":5}},"type":"if","locations":[{"start":{"line":153,"column":4},"end":{"line":155,"column":5}}]},"11":{"loc":{"start":{"line":177,"column":6},"end":{"line":183,"column":7}},"type":"if","locations":[{"start":{"line":177,"column":6},"end":{"line":183,"column":7}}]},"12":{"loc":{"start":{"line":198,"column":11},"end":{"line":198,"column":83}},"type":"binary-expr","locations":[{"start":{"line":198,"column":11},"end":{"line":198,"column":52}},{"start":{"line":198,"column":56},"end":{"line":198,"column":83}}]}},"s":{"0":1,"1":1,"2":1,"3":1,"4":53,"5":2,"6":29,"7":1,"8":1,"9":6,"10":4,"11":7,"12":0,"13":3,"14":18,"15":1,"16":17,"17":2,"18":15,"19":15,"20":1,"21":1,"22":1,"23":2,"24":1,"25":1,"26":1,"27":1,"28":5,"29":2,"30":3,"31":3,"32":2,"33":1,"34":0,"35":1,"36":2,"37":1,"38":1,"39":20,"40":5,"41":1,"42":2,"43":1,"44":1,"45":2,"46":2,"47":1,"48":1,"49":1,"50":2,"51":2,"52":2,"53":2,"54":2,"55":4,"56":1},"f":{"0":1,"1":53,"2":2,"3":29,"4":1,"5":1,"6":6,"7":4,"8":7,"9":0,"10":3,"11":18,"12":1,"13":1,"14":2,"15":1,"16":5,"17":3,"18":2,"19":20,"20":5,"21":1,"22":2,"23":1,"24":2,"25":1,"26":1,"27":2,"28":2,"29":2,"30":2,"31":2,"32":4},"b":{"0":[1,1],"1":[2,2],"2":[1],"3":[2],"4":[1],"5":[2,2],"6":[1,0],"7":[2],"8":[2],"9":[0],"10":[1],"11":[2],"12":[2,2]}}
}
