TN:
SF:app/domain/entities/RestockSession.ts
FN:8,(anonymous_0)
FN:41,(anonymous_1)
FN:44,(anonymous_2)
FN:60,(anonymous_3)
FN:65,(anonymous_4)
FN:66,(anonymous_5)
FN:67,(anonymous_6)
FN:68,(anonymous_7)
FN:69,(anonymous_8)
FN:70,(anonymous_9)
FN:71,(anonymous_10)
FN:74,(anonymous_11)
FN:93,(anonymous_12)
FN:94,(anonymous_13)
FN:102,(anonymous_14)
FN:107,(anonymous_15)
FN:120,(anonymous_16)
FN:133,(anonymous_17)
FN:151,(anonymous_18)
FN:165,(anonymous_19)
FN:166,(anonymous_20)
FN:169,(anonymous_21)
FN:170,(anonymous_22)
FN:173,(anonymous_23)
FN:176,(anonymous_24)
FN:189,(anonymous_25)
FN:190,(anonymous_26)
FN:193,(anonymous_27)
FN:197,(anonymous_28)
FN:201,(anonymous_29)
FN:205,(anonymous_30)
FN:209,(anonymous_31)
FN:214,(anonymous_32)
FNF:33
FNH:32
FNDA:1,(anonymous_0)
FNDA:53,(anonymous_1)
FNDA:2,(anonymous_2)
FNDA:29,(anonymous_3)
FNDA:1,(anonymous_4)
FNDA:1,(anonymous_5)
FNDA:6,(anonymous_6)
FNDA:4,(anonymous_7)
FNDA:7,(anonymous_8)
FNDA:0,(anonymous_9)
FNDA:3,(anonymous_10)
FNDA:18,(anonymous_11)
FNDA:1,(anonymous_12)
FNDA:1,(anonymous_13)
FNDA:2,(anonymous_14)
FNDA:1,(anonymous_15)
FNDA:5,(anonymous_16)
FNDA:3,(anonymous_17)
FNDA:2,(anonymous_18)
FNDA:20,(anonymous_19)
FNDA:5,(anonymous_20)
FNDA:1,(anonymous_21)
FNDA:2,(anonymous_22)
FNDA:1,(anonymous_23)
FNDA:2,(anonymous_24)
FNDA:1,(anonymous_25)
FNDA:1,(anonymous_26)
FNDA:2,(anonymous_27)
FNDA:2,(anonymous_28)
FNDA:2,(anonymous_29)
FNDA:2,(anonymous_30)
FNDA:2,(anonymous_31)
FNDA:4,(anonymous_32)
DA:8,1
DA:9,1
DA:10,1
DA:11,1
DA:40,1
DA:41,53
DA:50,2
DA:61,29
DA:65,1
DA:66,1
DA:67,6
DA:68,4
DA:69,7
DA:70,0
DA:71,3
DA:76,18
DA:77,1
DA:81,17
DA:82,2
DA:85,15
DA:86,15
DA:94,1
DA:95,1
DA:103,2
DA:104,1
DA:107,1
DA:108,1
DA:113,1
DA:122,5
DA:123,2
DA:126,3
DA:135,3
DA:136,2
DA:140,1
DA:141,0
DA:144,1
DA:153,2
DA:154,1
DA:157,1
DA:166,20
DA:170,2
DA:174,1
DA:176,1
DA:177,2
DA:178,2
DA:186,1
DA:190,1
DA:194,2
DA:198,2
DA:202,2
DA:206,2
DA:210,2
DA:215,4
LF:53
LH:51
BRDA:8,0,0,1
BRDA:8,0,1,1
BRDA:56,1,0,2
BRDA:56,1,1,2
BRDA:76,2,0,1
BRDA:81,3,0,2
BRDA:103,4,0,1
BRDA:103,5,0,2
BRDA:103,5,1,2
BRDA:108,6,0,1
BRDA:108,6,1,0
BRDA:122,7,0,2
BRDA:135,8,0,2
BRDA:140,9,0,0
BRDA:153,10,0,1
BRDA:177,11,0,2
BRDA:198,12,0,2
BRDA:198,12,1,2
BRF:18
BRH:16
end_of_record
